c:\users\jvank\source\repos\plugins\sdrunoplugin_pskdecoder\release\vc142.pdb
c:\users\jvank\source\repos\plugins\sdrunoplugin_pskdecoder\release\up-filter.obj
c:\users\jvank\source\repos\plugins\sdrunoplugin_pskdecoder\release\utilities.obj
c:\users\jvank\source\repos\plugins\sdrunoplugin_pskdecoder\release\psk-shifter.obj
c:\users\jvank\source\repos\plugins\sdrunoplugin_pskdecoder\release\psk-bandfilter.obj
c:\users\jvank\source\repos\plugins\sdrunoplugin_pskdecoder\release\decimator-25.obj
c:\users\jvank\source\repos\plugins\sdrunoplugin_pskdecoder\release\sdrunoplugin_pskui.obj
c:\users\jvank\source\repos\plugins\sdrunoplugin_pskdecoder\release\sdrunoplugin_pskproject.obj
c:\users\jvank\source\repos\plugins\sdrunoplugin_pskdecoder\release\sdrunoplugin_pskform.obj
c:\users\jvank\source\repos\plugins\sdrunoplugin_pskdecoder\release\sdrunoplugin_psk.obj
c:\users\jvank\source\repos\plugins\sdrunoplugin_pskdecoder\release\dllmain.obj
c:\users\jvank\source\repos\plugins\sdrunoplugin_pskdecoder\release\sdrunoplugin_psk.dll
c:\users\jvank\source\repos\plugins\sdrunoplugin_pskdecoder\release\sdrunoplugin_psk.pdb
c:\users\jvank\source\repos\plugins\sdrunoplugin_pskdecoder\release\sdrunoplugin_psk.res
c:\users\jvank\source\repos\plugins\sdrunoplugin_pskdecoder\release\sdrunoplugin_psk.lib
c:\users\jvank\source\repos\plugins\sdrunoplugin_pskdecoder\release\sdrunoplugin_psk.exp
c:\users\jvank\source\repos\plugins\sdrunoplugin_pskdecoder\release\sdrunoplugin_psk.tlog\cl.command.1.tlog
c:\users\jvank\source\repos\plugins\sdrunoplugin_pskdecoder\release\sdrunoplugin_psk.tlog\cl.read.1.tlog
c:\users\jvank\source\repos\plugins\sdrunoplugin_pskdecoder\release\sdrunoplugin_psk.tlog\cl.write.1.tlog
c:\users\jvank\source\repos\plugins\sdrunoplugin_pskdecoder\release\sdrunoplugin_psk.tlog\link.command.1.tlog
c:\users\jvank\source\repos\plugins\sdrunoplugin_pskdecoder\release\sdrunoplugin_psk.tlog\link.read.1.tlog
c:\users\jvank\source\repos\plugins\sdrunoplugin_pskdecoder\release\sdrunoplugin_psk.tlog\link.write.1.tlog
c:\users\jvank\source\repos\plugins\sdrunoplugin_pskdecoder\release\sdrunoplugin_psk.tlog\rc.command.1.tlog
c:\users\jvank\source\repos\plugins\sdrunoplugin_pskdecoder\release\sdrunoplugin_psk.tlog\rc.read.1.tlog
c:\users\jvank\source\repos\plugins\sdrunoplugin_pskdecoder\release\sdrunoplugin_psk.tlog\rc.write.1.tlog
c:\users\jvank\source\repos\plugins\sdrunoplugin_pskdecoder\release\sdrunoplugin_psk.tlog\sdrunoplugin_psk.write.1u.tlog
